<?xml version="1.0" encoding="UTF-8"?>
<!-- Generated by org.testng.reporters.JUnitReportReporter -->
<testsuite hostname="DESKTOP-BP9TLJ9" failures="0" tests="1" name="Test.ImageUploadTest" time="5.305" errors="0" timestamp="2022-07-19T22:17:03 AST" skipped="0">
  <testcase classname="Test.ImageUploadTest" name="checkUploadImage" time="5.305"/>
  <system-out/>
</testsuite> <!-- Test.ImageUploadTest -->
