<?xml version="1.0" encoding="UTF-8"?>
<!-- Generated by org.testng.reporters.JUnitReportReporter -->
<testsuite hostname="DESKTOP-BP9TLJ9" failures="0" tests="2" name="Test.SearchResultTest" time="5.659" errors="0" timestamp="2022-07-19T22:20:16 AST" skipped="0">
  <testcase classname="Test.SearchResultTest" name="checkSecondSearchResult" time="2.249"/>
  <system-out/>
  <testcase classname="Test.SearchResultTest" name="checkFirstSearchResult" time="3.410"/>
  <system-out/>
</testsuite> <!-- Test.SearchResultTest -->
