<?xml version="1.0" encoding="UTF-8"?>
<!-- Generated by org.testng.reporters.JUnitReportReporter -->
<testsuite hostname="DESKTOP-BP9TLJ9" failures="0" tests="1" name="Test.W3ScoolsTest" time="20.449" errors="0" timestamp="2022-07-19T22:21:01 AST" skipped="0">
  <testcase classname="Test.W3ScoolsTest" name="checkCountryCompany" time="20.449"/>
  <system-out/>
</testsuite> <!-- Test.W3ScoolsTest -->
