<?xml version="1.0" encoding="UTF-8"?>
<!-- Generated by org.testng.reporters.JUnitReportReporter -->
<testsuite hostname="DESKTOP-BP9TLJ9" failures="0" tests="1" name="Test.CheckBoxTest" time="1.770" errors="0" timestamp="2022-07-19T22:15:54 AST" skipped="0">
  <testcase classname="Test.CheckBoxTest" name="testCheckBoxes" time="1.770"/>
  <system-out/>
</testsuite> <!-- Test.CheckBoxTest -->
